<?xml version="1.0" encoding="UTF-8"?>
<!-- Generated by org.testng.reporters.JUnitXMLReporter -->
<testsuite hostname="DESKTOP-GM20KQQ" ignored="0" name="Default test" tests="5" failures="0" timestamp="2021-06-13T11:01:27 IST" time="0.11" errors="0">
  <testcase name="test" time="0.016" classname="dataprovider.DataProviderClass"/>
  <testcase name="test" time="0.002" classname="dataprovider.DataProviderClass"/>
  <testcase name="testNew" time="0.002" classname="dataprovider.DataProviderClass"/>
  <testcase name="testNew" time="0.002" classname="dataprovider.DataProviderClass"/>
  <testcase name="testNew" time="0.002" classname="dataprovider.DataProviderClass"/>
</testsuite> <!-- Default test -->
