<?xml version="1.0" encoding="UTF-8"?>
<!-- Generated by org.testng.reporters.JUnitXMLReporter -->
<testsuite hostname="DESKTOP-GM20KQQ" ignored="0" name="Test" tests="4" failures="0" timestamp="2021-06-13T11:12:24 IST" time="0.095" errors="0">
  <testcase name="testcase" time="0.016" classname="testng.GropingClass"/>
  <testcase name="testcase1" time="0.003" classname="testng.GropingClass"/>
  <testcase name="testcase2" time="0.002" classname="testng.GropingClass"/>
  <testcase name="testcase3" time="0.002" classname="testng.GropingClass"/>
</testsuite> <!-- Test -->
