<?xml version="1.0" encoding="UTF-8"?>
<testng-results skipped="0" failed="0" ignored="0" total="1" passed="1">
  <reporter-output>
  </reporter-output>
  <suite name="Default suite" duration-ms="37252" started-at="2021-06-20T10:20:02 IST" finished-at="2021-06-20T10:20:39 IST">
    <groups>
    </groups>
    <test name="Default test" duration-ms="37252" started-at="2021-06-20T10:20:02 IST" finished-at="2021-06-20T10:20:39 IST">
      <class name="xpath.XpathClass">
        <test-method status="PASS" signature="setup()[pri:0, instance:xpath.XpathClass@1f8bee4]" name="setup" duration-ms="37072" started-at="2021-06-20T10:20:02 IST" finished-at="2021-06-20T10:20:39 IST">
          <reporter-output>
          </reporter-output>
        </test-method> <!-- setup -->
      </class> <!-- xpath.XpathClass -->
    </test> <!-- Default test -->
  </suite> <!-- Default suite -->
</testng-results>
